<?xml version="1.0" encoding="UTF-8"?>
<testsuite xmlns:xsi="http://www.w3.org/2001/XMLSchema-instance" xsi:noNamespaceSchemaLocation="https://maven.apache.org/surefire/maven-surefire-plugin/xsd/surefire-test-report-3.0.xsd" version="3.0" name="org.sonar.samples.java.checks.SecurityAnnotationMandatoryRuleTest" time="0.062" tests="2" errors="0" skipped="0" failures="0">
  <properties>
[...]
</properties>
  <testcase name="without_package_name" classname="org.sonar.samples.java.checks.SecurityAnnotationMandatoryRuleTest" time="0.032">
    <system-out><![CDATA[INFO  1 source file to be analyzed
INFO  Cannot determine whether the context allows skipping unchanged files: canSkipUnchangedFiles not part of sonar-plugin-api. Not skipping. org.sonar.java.checks.verifier.internal.InternalSensorContext.canSkipUnchangedFiles()
DEBUG implements Interface: MySecurityInterface
DEBUG implements Interface: SecondInterface
DEBUG Method Name MySecurityAnnotation
INFO  1/1 source file has been analyzed
INFO  Did not optimize analysis for any files, performed a full analysis for all 1 files.
WARN  Unresolved imports/types have been detected during analysis. Enable DEBUG mode to see them.
DEBUG Unresolved imports/types:
- MySecurityAnnotation cannot be resolved to a type
- MySecurityInterface cannot be resolved to a type
- SecondInterface cannot be resolved to a type
]]></system-out>
  </testcase>
  <testcase name="detected" classname="org.sonar.samples.java.checks.SecurityAnnotationMandatoryRuleTest" time="0.025">
    <system-out><![CDATA[INFO  1 source file to be analyzed
INFO  Cannot determine whether the context allows skipping unchanged files: canSkipUnchangedFiles not part of sonar-plugin-api. Not skipping. org.sonar.java.checks.verifier.internal.InternalSensorContext.canSkipUnchangedFiles()
DEBUG PackageName: company.demo
DEBUG implements Interface: MySecurityInterface
DEBUG implements Interface: SecondInterface
DEBUG Method Name MySecurityAnnotation
DEBUG Method Name VariousAnnotation
DEBUG implements Interface: FirstInterface
DEBUG implements Interface: SecondInterface
INFO  1/1 source file has been analyzed
INFO  Did not optimize analysis for any files, performed a full analysis for all 1 files.
WARN  Unresolved imports/types have been detected during analysis. Enable DEBUG mode to see them.
DEBUG Unresolved imports/types:
- FirstInterface cannot be resolved to a type
- MySecurityAnnotation cannot be resolved to a type
- MySecurityInterface cannot be resolved to a type
- SecondInterface cannot be resolved to a type
- VariousAnnotation cannot be resolved to a type
- org.foo cannot be resolved to a type
]]></system-out>
  </testcase>
</testsuite>